<?xml version="1.0" encoding="UTF-8"?>
<testsuites name="jest tests" tests="8" failures="0" errors="0" time="3.838">
  <testsuite name="Score" errors="0" failures="0" skipped="0" timestamp="2024-06-04T14:21:38" time="2.578" tests="2">
    <testcase classname="Score renders without crashing" name="Score renders without crashing" time="0.024">
    </testcase>
    <testcase classname="ButtonClick Component getClicked" name="ButtonClick Component getClicked" time="0.025">
    </testcase>
  </testsuite>
  <testsuite name="App" errors="0" failures="0" skipped="0" timestamp="2024-06-04T14:21:38" time="2.582" tests="3">
    <testcase classname="App renders without crashing" name="App renders without crashing" time="0.038">
    </testcase>
    <testcase classname="InputClick Component renders InputClick component correctly" name="InputClick Component renders InputClick component correctly" time="0.013">
    </testcase>
    <testcase classname="ButtonClick Component getClicked" name="ButtonClick Component getClicked" time="0.011">
    </testcase>
  </testsuite>
  <testsuite name="undefined" errors="0" failures="0" skipped="0" timestamp="2024-06-04T14:21:38" time="2.625" tests="1">
    <testcase classname=" test increment function" name=" test increment function" time="0.006">
    </testcase>
  </testsuite>
  <testsuite name="QuestionReponses" errors="0" failures="0" skipped="0" timestamp="2024-06-04T14:21:38" time="2.823" tests="2">
    <testcase classname="QuestionReponses renders without crashing" name="QuestionReponses renders without crashing" time="0.096">
    </testcase>
    <testcase classname="ButtonClick Component getClicked" name="ButtonClick Component getClicked" time="0.012">
    </testcase>
  </testsuite>
</testsuites>